::1 - - [27/Aug/2025 19:29:27] "GET / HTTP/1.1" 200 -
::1 - - [27/Aug/2025 19:29:27] "GET /_expo/static/js/web/index-60a706e41f971a43cbcc9601f7584fa8.js HTTP/1.1" 200 -
::1 - - [27/Aug/2025 19:29:28] "GET /assets/favicon.svg HTTP/1.1" 200 -
::1 - - [27/Aug/2025 19:29:33] "GET /assets/assets/img/sunny.4094ba049d6074bfd7573a705f8ad724.png HTTP/1.1" 200 -
::1 - - [27/Aug/2025 19:30:03] "GET /assets/assets/img/sunny.4094ba049d6074bfd7573a705f8ad724.png HTTP/1.1" 304 -
::1 - - [27/Aug/2025 19:31:14] "GET / HTTP/1.1" 304 -
::1 - - [27/Aug/2025 19:31:14] "GET /_expo/static/js/web/index-60a706e41f971a43cbcc9601f7584fa8.js HTTP/1.1" 304 -
::1 - - [27/Aug/2025 19:31:14] "GET /assets/favicon.svg HTTP/1.1" 304 -
::1 - - [27/Aug/2025 19:31:17] "GET /assets/assets/img/sunny.4094ba049d6074bfd7573a705f8ad724.png HTTP/1.1" 304 -
::1 - - [27/Aug/2025 19:40:47] "GET / HTTP/1.1" 200 -
::1 - - [27/Aug/2025 19:40:47] "GET /_expo/static/js/web/index-14e30e31f97963949f5eb03bdf516458.js HTTP/1.1" 200 -
::1 - - [27/Aug/2025 19:40:47] code 404, message File not found
::1 - - [27/Aug/2025 19:40:47] "GET /favicon.ico HTTP/1.1" 404 -
::1 - - [27/Aug/2025 19:42:44] "GET /assets/assets/img/sunny.4094ba049d6074bfd7573a705f8ad724.png HTTP/1.1" 200 -
::1 - - [27/Aug/2025 19:42:49] "GET / HTTP/1.1" 304 -
::1 - - [27/Aug/2025 19:42:49] "GET /_expo/static/js/web/index-14e30e31f97963949f5eb03bdf516458.js HTTP/1.1" 304 -
::1 - - [27/Aug/2025 19:43:47] "GET / HTTP/1.1" 200 -
::1 - - [27/Aug/2025 19:43:47] "GET /_expo/static/js/web/index-e73227a553254b1fdbde2b3443139970.js HTTP/1.1" 200 -
::1 - - [27/Aug/2025 19:43:47] "GET /assets/assets/bg.1d8bf84ddce5fe92e07f404c0d7cadc6.png HTTP/1.1" 200 -
::1 - - [27/Aug/2025 19:44:39] "GET /assets/assets/img/cloudy.95db5f14a3a6ffabf76797dc8135322e.png HTTP/1.1" 200 -
::1 - - [27/Aug/2025 19:50:02] "GET /assets/assets/img/sunny.4094ba049d6074bfd7573a705f8ad724.png HTTP/1.1" 200 -
::1 - - [27/Aug/2025 19:58:34] "GET / HTTP/1.1" 304 -
::1 - - [27/Aug/2025 19:58:34] "GET /_expo/static/js/web/index-e73227a553254b1fdbde2b3443139970.js HTTP/1.1" 304 -
::1 - - [27/Aug/2025 19:58:34] "GET /assets/assets/bg.1d8bf84ddce5fe92e07f404c0d7cadc6.png HTTP/1.1" 304 -
::1 - - [27/Aug/2025 19:58:37] "GET /assets/assets/img/sunny.4094ba049d6074bfd7573a705f8ad724.png HTTP/1.1" 304 -
::1 - - [27/Aug/2025 20:08:49] "GET / HTTP/1.1" 304 -
::1 - - [27/Aug/2025 20:08:49] "GET /_expo/static/js/web/index-e73227a553254b1fdbde2b3443139970.js HTTP/1.1" 304 -
::1 - - [27/Aug/2025 20:08:49] "GET /assets/assets/bg.1d8bf84ddce5fe92e07f404c0d7cadc6.png HTTP/1.1" 304 -
::1 - - [27/Aug/2025 20:08:52] "GET /assets/assets/img/sunny.4094ba049d6074bfd7573a705f8ad724.png HTTP/1.1" 304 -
::1 - - [27/Aug/2025 20:23:16] "GET / HTTP/1.1" 304 -
::1 - - [27/Aug/2025 20:23:16] "GET /_expo/static/js/web/index-e73227a553254b1fdbde2b3443139970.js HTTP/1.1" 304 -
::1 - - [27/Aug/2025 20:23:16] "GET /assets/assets/bg.1d8bf84ddce5fe92e07f404c0d7cadc6.png HTTP/1.1" 304 -
::1 - - [27/Aug/2025 20:23:24] "GET /assets/assets/img/sunny.4094ba049d6074bfd7573a705f8ad724.png HTTP/1.1" 304 -
